<?xml version="1.0" encoding="UTF-8"?>
<!-- Generated by org.testng.reporters.JUnitReportReporter -->
<testsuite name="com.saleforcecrm.tests.LoginTest" tests="1" time="6.576" ignored="0" failures="0" timestamp="24 Jan 2017 22:45:59 GMT" skipped="0" hostname="DESKTOP-TGAI9E3" errors="0">
  <testcase name="ValidLogin" time="6.576" classname="com.saleforcecrm.tests.LoginTest"/>
</testsuite> <!-- com.saleforcecrm.tests.LoginTest -->
