<?xml version="1.0" encoding="UTF-8"?>
<!-- Generated by org.testng.reporters.JUnitReportReporter -->
<testsuite name="com.saleforcecrm.tests.InvalidLoginTest" tests="1" time="6.125" ignored="0" failures="0" timestamp="24 Jan 2017 22:45:59 GMT" skipped="0" hostname="DESKTOP-TGAI9E3" errors="0">
  <testcase name="f" time="6.125" classname="com.saleforcecrm.tests.InvalidLoginTest"/>
</testsuite> <!-- com.saleforcecrm.tests.InvalidLoginTest -->
